E41 First Missing Positive

Given an unsorted integer array, find the first missing positive integer.
For example,Given [1,2,0] return 3, and [3,4,-1,1] return 2.
Your algorithm should run in O(n) time and uses constant space.
====
#tag
基数性质
重排数列, 最终使键值对应
>>>>
%nums => res
int m = nums.length;
int i = 0;
while (i < m){
    while(1 <= nums[i] && nums[i] < m+1 && nums[nums[i] - 1] != nums[i]){
        //System.out.print("nums[i]: "+nums[i]+" nums[nums[i] - 1]:"+nums[nums[i] - 1]);
        //@DAG导致不能用另一种方式:nums[i]决定nums[nums[i] - 1]
        int temp = nums[nums[i] - 1];
        nums[nums[i] - 1] = nums[i];
        nums[i] = temp;
    }
    ++i;
}
i = 0;
while (i < m){
    if (nums[i] != i + 1) return i + 1;
    ++i;
}
return i + 1;
<<<<
